<?xml version="1.0" encoding="UTF-8"?>
<!-- Generated by org.testng.reporters.JUnitXMLReporter -->
<testsuite ignored="1" hostname="DESKTOP-0J1MG91" failures="0" tests="6" name="TestRunner-Edge" time="104.316" errors="0" timestamp="01 Mar 2025 00:13:03 GMT">
  <testcase classname="com.comcast.crm.AnnotationChanges.CreateOrganizationTest" name="createOranizationWithPhonenumberTest" time="9.616"/>
  <testcase classname="com.comcast.crm.AnnotationChanges.CreateOrganizationTest" name="createOrganizationTest" time="9.357"/>
  <testcase classname="com.comcast.crm.AnnotationChanges.CreateOrganizationTest" name="createOrganizationWithIndustryTest" time="9.837"/>
  <testcase classname="com.comcast.crm.AnnotationChanges.CreateContactTest" name="createContactTest" time="9.4"/>
  <testcase classname="com.comcast.crm.AnnotationChanges.CreateContactTest" name="createContctWithOrgTest" time="18.738"/>
  <testcase classname="com.comcast.crm.AnnotationChanges.CreateContactTest" name="createContctWithSupportDateTest" time="9.457"/>
  <testcase classname="com.comcast.crm.basetest.BaseClass" name="@BeforeSuite configBS" time="0.0">
    <ignored/>
  </testcase> <!-- @BeforeSuite configBS -->
</testsuite> <!-- TestRunner-Edge -->
