<?xml version="1.0" encoding="UTF-8"?>
<!-- Generated by org.testng.reporters.JUnitXMLReporter -->
<testsuite ignored="1" hostname="DESKTOP-0J1MG91" failures="0" tests="6" name="TestRunner-Chrome" time="101.356" errors="0" timestamp="01 Mar 2025 00:13:00 GMT">
  <testcase classname="com.comcast.crm.AnnotationChanges.CreateOrganizationTest" name="createOranizationWithPhonenumberTest" time="10.342"/>
  <testcase classname="com.comcast.crm.AnnotationChanges.CreateOrganizationTest" name="createOrganizationTest" time="10.376"/>
  <testcase classname="com.comcast.crm.AnnotationChanges.CreateOrganizationTest" name="createOrganizationWithIndustryTest" time="9.988"/>
  <testcase classname="com.comcast.crm.AnnotationChanges.CreateContactTest" name="createContactTest" time="10.377"/>
  <testcase classname="com.comcast.crm.AnnotationChanges.CreateContactTest" name="createContctWithOrgTest" time="19.357"/>
  <testcase classname="com.comcast.crm.AnnotationChanges.CreateContactTest" name="createContctWithSupportDateTest" time="9.512"/>
  <testcase classname="com.comcast.crm.basetest.BaseClass" name="@BeforeSuite configBS" time="0.0">
    <ignored/>
  </testcase> <!-- @BeforeSuite configBS -->
</testsuite> <!-- TestRunner-Chrome -->
