<?xml version="1.0" encoding="UTF-8"?>
<!-- Generated by org.testng.reporters.JUnitXMLReporter -->
<testsuite ignored="2" hostname="DESKTOP-0J1MG91" failures="0" tests="1" name="Test" time="26.519" errors="0" timestamp="04 Mar 2025 19:32:25 GMT">
  <testcase classname="com.comcast.crm.AnnotationChanges.CreateOrganizationTest" name="createOrganizationTest" time="16.604"/>
  <testcase classname="com.comcast.crm.AnnotationChanges.CreateOrganizationTest" name="createOranizationWithPhonenumberTest" time="0.0">
    <ignored/>
  </testcase> <!-- createOranizationWithPhonenumberTest -->
  <testcase classname="com.comcast.crm.AnnotationChanges.CreateOrganizationTest" name="createOrganizationWithIndustryTest" time="0.0">
    <ignored/>
  </testcase> <!-- createOrganizationWithIndustryTest -->
</testsuite> <!-- Test -->
